<?xml version="1.0" encoding="UTF-8"?>
<testng-results skipped="0" failed="0" ignored="0" total="1" passed="1">
  <reporter-output>
  </reporter-output>
  <suite name="Default suite" duration-ms="376" started-at="2020-01-28T13:11:45 CST" finished-at="2020-01-28T13:11:45 CST">
    <groups>
    </groups>
    <test name="Default test" duration-ms="376" started-at="2020-01-28T13:11:45 CST" finished-at="2020-01-28T13:11:45 CST">
      <class name="com.practice.XLReading">
        <test-method status="PASS" signature="read()[pri:0, instance:com.practice.XLReading@3a883ce7]" name="read" duration-ms="346" started-at="2020-01-28T13:11:45 CST" finished-at="2020-01-28T13:11:45 CST">
          <reporter-output>
          </reporter-output>
        </test-method> <!-- read -->
      </class> <!-- com.practice.XLReading -->
    </test> <!-- Default test -->
  </suite> <!-- Default suite -->
</testng-results>
